  GameState.cpp
C:\Users\LCV2242924\Documents\GitHub\VGP334_Engine4\WinterEngine\External\Bullet\BulletSoftBody\btSoftBody.h(38,50): warning C4305: 'initializing': truncation from 'double' to 'btScalar'
  (compiling source file 'GameState.cpp')
  
C:\Users\LCV2242924\Documents\GitHub\VGP334_Engine4\WinterEngine\External\Bullet\BulletSoftBody\btSoftBody.h(1232,17): warning C4244: 'initializing': conversion from 'double' to 'btScalar', possible loss of data
  (compiling source file 'GameState.cpp')
  
C:\Users\LCV2242924\Documents\GitHub\VGP334_Engine4\WinterEngine\External\Bullet\BulletSoftBody\btSoftBody.h(1357,21): warning C4244: '+=': conversion from 'double' to 'btScalar', possible loss of data
  (compiling source file 'GameState.cpp')
  
C:\Users\LCV2242924\Documents\GitHub\VGP334_Engine4\WinterEngine\External\Bullet\BulletSoftBody\btSoftBody.h(1361,21): warning C4244: 'initializing': conversion from 'double' to 'btScalar', possible loss of data
  (compiling source file 'GameState.cpp')
  
C:\Users\LCV2242924\Documents\GitHub\VGP334_Engine4\WinterEngine\External\Bullet\BulletSoftBody\btSoftBody.h(1385,20): warning C4244: '=': conversion from 'double' to 'btScalar', possible loss of data
  (compiling source file 'GameState.cpp')
  
C:\Users\LCV2242924\Documents\GitHub\VGP334_Engine4\WinterEngine\External\Bullet\BulletSoftBody\btSoftBody.h(1387,23): warning C4244: '=': conversion from 'double' to 'btScalar', possible loss of data
  (compiling source file 'GameState.cpp')
  
C:\Users\LCV2242924\Documents\GitHub\VGP334_Engine4\WinterEngine\Framework\Physics\Inc\PhysicsWorld.h(14,51): warning C4305: 'argument': truncation from 'double' to 'float'
  (compiling source file 'GameState.cpp')
  
C:\Users\LCV2242924\Documents\GitHub\VGP334_Engine4\WinterEngine\External\Bullet\BulletSoftBody\btSoftBody.h(1269,17): warning C4244: 'initializing': conversion from 'double' to 'btScalar', possible loss of data
  (compiling source file 'GameState.cpp')
  C:\Users\LCV2242924\Documents\GitHub\VGP334_Engine4\WinterEngine\External\Bullet\BulletSoftBody\btSoftBody.h(1269,17):
  the template instantiation context (the oldest one first) is
  	C:\Users\LCV2242924\Documents\GitHub\VGP334_Engine4\WinterEngine\External\Bullet\BulletSoftBody\btSoftBody.h(1303,4):
  	see reference to function template instantiation 'void btSoftBody::updateFace<btDbvtNode>(DBVTNODE *,bool,bool)' being compiled
          with
          [
              DBVTNODE=btDbvtNode
          ]
  
  WinMain.cpp
C:\Users\LCV2242924\Documents\GitHub\VGP334_Engine4\WinterEngine\External\Bullet\BulletSoftBody\btSoftBody.h(38,50): warning C4305: 'initializing': truncation from 'double' to 'btScalar'
  (compiling source file 'WinMain.cpp')
  
C:\Users\LCV2242924\Documents\GitHub\VGP334_Engine4\WinterEngine\External\Bullet\BulletSoftBody\btSoftBody.h(1232,17): warning C4244: 'initializing': conversion from 'double' to 'btScalar', possible loss of data
  (compiling source file 'WinMain.cpp')
  
C:\Users\LCV2242924\Documents\GitHub\VGP334_Engine4\WinterEngine\External\Bullet\BulletSoftBody\btSoftBody.h(1357,21): warning C4244: '+=': conversion from 'double' to 'btScalar', possible loss of data
  (compiling source file 'WinMain.cpp')
  
C:\Users\LCV2242924\Documents\GitHub\VGP334_Engine4\WinterEngine\External\Bullet\BulletSoftBody\btSoftBody.h(1361,21): warning C4244: 'initializing': conversion from 'double' to 'btScalar', possible loss of data
  (compiling source file 'WinMain.cpp')
  
C:\Users\LCV2242924\Documents\GitHub\VGP334_Engine4\WinterEngine\External\Bullet\BulletSoftBody\btSoftBody.h(1385,20): warning C4244: '=': conversion from 'double' to 'btScalar', possible loss of data
  (compiling source file 'WinMain.cpp')
  
C:\Users\LCV2242924\Documents\GitHub\VGP334_Engine4\WinterEngine\External\Bullet\BulletSoftBody\btSoftBody.h(1387,23): warning C4244: '=': conversion from 'double' to 'btScalar', possible loss of data
  (compiling source file 'WinMain.cpp')
  
C:\Users\LCV2242924\Documents\GitHub\VGP334_Engine4\WinterEngine\Framework\Physics\Inc\PhysicsWorld.h(14,51): warning C4305: 'argument': truncation from 'double' to 'float'
  (compiling source file 'WinMain.cpp')
  
C:\Users\LCV2242924\Documents\GitHub\VGP334_Engine4\WinterEngine\External\Bullet\BulletSoftBody\btSoftBody.h(1269,17): warning C4244: 'initializing': conversion from 'double' to 'btScalar', possible loss of data
  (compiling source file 'WinMain.cpp')
  C:\Users\LCV2242924\Documents\GitHub\VGP334_Engine4\WinterEngine\External\Bullet\BulletSoftBody\btSoftBody.h(1269,17):
  the template instantiation context (the oldest one first) is
  	C:\Users\LCV2242924\Documents\GitHub\VGP334_Engine4\WinterEngine\External\Bullet\BulletSoftBody\btSoftBody.h(1303,4):
  	see reference to function template instantiation 'void btSoftBody::updateFace<btDbvtNode>(DBVTNODE *,bool,bool)' being compiled
          with
          [
              DBVTNODE=btDbvtNode
          ]
  
  Generating Code...
  21_HelloParticles.vcxproj -> C:\Users\LCV2242924\Documents\GitHub\VGP334_Engine4\WinterEngine\x64\Debug\21_HelloParticles.exe
