  GameState.cpp
D:\VGP242\WinterEngine\Framework\Graphics\Inc\ModelIO.h(12,2): error C4430: missing type specifier - int assumed. Note: C++ does not support default-int
D:\VGP242\WinterEngine\Framework\Graphics\Inc\ModelIO.h(12,2): error C2143: syntax error: missing ',' before '}'
D:\VGP242\WinterEngine\Framework\Graphics\Inc\ModelIO.h(12,3): error C2143: syntax error: missing ')' before ';'
D:\VGP242\WinterEngine\Framework\Graphics\Inc\ModelIO.h(14,2): error C2059: syntax error: 'namespace'
D:\VGP242\WinterEngine\Framework\Graphics\Inc\ModelIO.h(15,2): error C2334: unexpected token(s) preceding '{'; skipping apparent function body
D:\VGP242\WinterEngine\Framework\Graphics\Inc\PostProcessingEffect.h(8,1): error C2059: syntax error: 'namespace'
D:\VGP242\WinterEngine\Framework\Graphics\Inc\PostProcessingEffect.h(9,1): error C2143: syntax error: missing ';' before '{'
D:\VGP242\WinterEngine\Framework\Graphics\Inc\PostProcessingEffect.h(9,1): error C2447: '{': missing function header (old-style formal list?)
D:\VGP242\WinterEngine\Framework\Graphics\Inc\ShadowEffect.h(49,10): error C2079: 'WinterEngine::Graphics::WinterEngine::Graphics::ShadowEffect::mLightCamera' uses undefined class 'WinterEngine::Graphics::WinterEngine::Graphics::Camera'
D:\VGP242\WinterEngine\Framework\Graphics\Inc\PortalEffect.h(67,10): error C2079: 'WinterEngine::Graphics::WinterEngine::Graphics::PortalEffect::mPortalCamera' uses undefined class 'WinterEngine::Graphics::WinterEngine::Graphics::Camera'
D:\VGP242\WinterEngine\VGP334\17_HelloSkeleton\GameState.h(15,33): error C2079: 'WinterEngine::Graphics::GameState::mCamera' uses undefined class 'WinterEngine::Graphics::WinterEngine::Graphics::Camera'
D:\VGP242\WinterEngine\VGP334\17_HelloSkeleton\GameState.h(16,26): error C2039: 'DirectionalLight': is not a member of 'WinterEngine::Graphics::WinterEngine::Graphics'
D:\VGP242\WinterEngine\Framework\Graphics\Inc\AnimationUtil.h(5,11): message : see declaration of 'WinterEngine::Graphics::WinterEngine::Graphics'
D:\VGP242\WinterEngine\VGP334\17_HelloSkeleton\GameState.h(17,41): error C2079: 'WinterEngine::Graphics::GameState::mStandardEffect' uses undefined class 'WinterEngine::Graphics::WinterEngine::Graphics::StandardEffect'
D:\VGP242\WinterEngine\VGP334\17_HelloSkeleton\GameState.h(19,38): error C2079: 'WinterEngine::Graphics::GameState::mCharacter' uses undefined class 'WinterEngine::Graphics::WinterEngine::Graphics::RenderGroup'
D:\VGP242\WinterEngine\VGP334\17_HelloSkeleton\GameState.h(21,39): error C2079: 'WinterEngine::Graphics::GameState::mGround' uses undefined class 'WinterEngine::Graphics::WinterEngine::Graphics::RenderObject'
D:\VGP242\WinterEngine\VGP334\17_HelloSkeleton\GameState.cpp(106,14): error C2664: 'void WinterEngine::Graphics::SimpleDraw::Render(const WinterEngine::Graphics::Camera &)': cannot convert argument 1 from 'int' to 'const WinterEngine::Graphics::Camera &'
D:\VGP242\WinterEngine\VGP334\17_HelloSkeleton\GameState.cpp(106,21): message : Reason: cannot convert from 'int' to 'const WinterEngine::Graphics::Camera'
D:\VGP242\WinterEngine\VGP334\17_HelloSkeleton\GameState.cpp(106,21): message : 'WinterEngine::Graphics::Camera::Camera': no overloaded function could convert all the argument types
D:\VGP242\WinterEngine\Framework\Graphics\Inc\Camera.h(69,2): message : could be 'WinterEngine::Graphics::Camera::Camera(WinterEngine::Graphics::Camera &&)'
D:\VGP242\WinterEngine\VGP334\17_HelloSkeleton\GameState.cpp(106,21): message : 'WinterEngine::Graphics::Camera::Camera(WinterEngine::Graphics::Camera &&)': cannot convert argument 1 from 'int' to 'WinterEngine::Graphics::Camera &&'
D:\VGP242\WinterEngine\VGP334\17_HelloSkeleton\GameState.cpp(106,21): message : Reason: cannot convert from 'int' to 'WinterEngine::Graphics::Camera'
D:\VGP242\WinterEngine\VGP334\17_HelloSkeleton\GameState.cpp(106,21): message : Conversion requires a second user-defined-conversion operator or constructor
D:\VGP242\WinterEngine\Framework\Graphics\Inc\Camera.h(69,2): message : or       'WinterEngine::Graphics::Camera::Camera(const WinterEngine::Graphics::Camera &)'
D:\VGP242\WinterEngine\VGP334\17_HelloSkeleton\GameState.cpp(106,21): message : 'WinterEngine::Graphics::Camera::Camera(const WinterEngine::Graphics::Camera &)': cannot convert argument 1 from 'int' to 'const WinterEngine::Graphics::Camera &'
D:\VGP242\WinterEngine\VGP334\17_HelloSkeleton\GameState.cpp(106,21): message : Reason: cannot convert from 'int' to 'const WinterEngine::Graphics::Camera'
D:\VGP242\WinterEngine\VGP334\17_HelloSkeleton\GameState.cpp(106,21): message : Conversion requires a second user-defined-conversion operator or constructor
D:\VGP242\WinterEngine\VGP334\17_HelloSkeleton\GameState.cpp(106,21): message : while trying to match the argument list '(int)'
D:\VGP242\WinterEngine\Framework\Graphics\Inc\SimpleDraw.h(32,8): message : see declaration of 'WinterEngine::Graphics::SimpleDraw::Render'
D:\VGP242\WinterEngine\VGP334\17_HelloSkeleton\GameState.cpp(106,14): message : while trying to match the argument list '(int)'
D:\VGP242\WinterEngine\VGP334\17_HelloSkeleton\GameState.cpp(108,1): fatal  error C1004: unexpected end-of-file found
  WinMain.cpp
D:\VGP242\WinterEngine\Framework\Graphics\Inc\ModelIO.h(12,2): error C4430: missing type specifier - int assumed. Note: C++ does not support default-int
D:\VGP242\WinterEngine\Framework\Graphics\Inc\ModelIO.h(12,2): error C2143: syntax error: missing ',' before '}'
D:\VGP242\WinterEngine\Framework\Graphics\Inc\ModelIO.h(12,3): error C2143: syntax error: missing ')' before ';'
D:\VGP242\WinterEngine\Framework\Graphics\Inc\ModelIO.h(14,2): error C2059: syntax error: 'namespace'
D:\VGP242\WinterEngine\Framework\Graphics\Inc\ModelIO.h(15,2): error C2334: unexpected token(s) preceding '{'; skipping apparent function body
D:\VGP242\WinterEngine\Framework\Graphics\Inc\PostProcessingEffect.h(8,1): error C2059: syntax error: 'namespace'
D:\VGP242\WinterEngine\Framework\Graphics\Inc\PostProcessingEffect.h(9,1): error C2143: syntax error: missing ';' before '{'
D:\VGP242\WinterEngine\Framework\Graphics\Inc\PostProcessingEffect.h(9,1): error C2447: '{': missing function header (old-style formal list?)
D:\VGP242\WinterEngine\Framework\Graphics\Inc\ShadowEffect.h(49,10): error C2079: 'WinterEngine::Graphics::WinterEngine::Graphics::ShadowEffect::mLightCamera' uses undefined class 'WinterEngine::Graphics::WinterEngine::Graphics::Camera'
D:\VGP242\WinterEngine\Framework\Graphics\Inc\PortalEffect.h(67,10): error C2079: 'WinterEngine::Graphics::WinterEngine::Graphics::PortalEffect::mPortalCamera' uses undefined class 'WinterEngine::Graphics::WinterEngine::Graphics::Camera'
D:\VGP242\WinterEngine\VGP334\17_HelloSkeleton\GameState.h(15,33): error C2079: 'WinterEngine::Graphics::GameState::mCamera' uses undefined class 'WinterEngine::Graphics::WinterEngine::Graphics::Camera'
D:\VGP242\WinterEngine\VGP334\17_HelloSkeleton\GameState.h(16,26): error C2039: 'DirectionalLight': is not a member of 'WinterEngine::Graphics::WinterEngine::Graphics'
D:\VGP242\WinterEngine\Framework\Graphics\Inc\AnimationUtil.h(5,11): message : see declaration of 'WinterEngine::Graphics::WinterEngine::Graphics'
D:\VGP242\WinterEngine\VGP334\17_HelloSkeleton\GameState.h(17,41): error C2079: 'WinterEngine::Graphics::GameState::mStandardEffect' uses undefined class 'WinterEngine::Graphics::WinterEngine::Graphics::StandardEffect'
D:\VGP242\WinterEngine\VGP334\17_HelloSkeleton\GameState.h(19,38): error C2079: 'WinterEngine::Graphics::GameState::mCharacter' uses undefined class 'WinterEngine::Graphics::WinterEngine::Graphics::RenderGroup'
D:\VGP242\WinterEngine\VGP334\17_HelloSkeleton\GameState.h(21,39): error C2079: 'WinterEngine::Graphics::GameState::mGround' uses undefined class 'WinterEngine::Graphics::WinterEngine::Graphics::RenderObject'
D:\VGP242\WinterEngine\VGP334\17_HelloSkeleton\WinMain.cpp(19,1): fatal  error C1004: unexpected end-of-file found
  Generating Code...
