c:\users\lcv2242924\desktop\vgp242\winterengine\vgp242\07_hellosolarsystem\x64\debug\vc143.pdb
c:\users\lcv2242924\desktop\vgp242\winterengine\vgp242\07_hellosolarsystem\x64\debug\vc143.idb
c:\users\lcv2242924\desktop\vgp242\winterengine\vgp242\07_hellosolarsystem\x64\debug\winmain.obj
c:\users\lcv2242924\desktop\vgp242\winterengine\vgp242\07_hellosolarsystem\x64\debug\planet.obj
c:\users\lcv2242924\desktop\vgp242\winterengine\vgp242\07_hellosolarsystem\x64\debug\gamestate.obj
c:\users\lcv2242924\documents\github\vgp242\winterengine\vgp242\07_hellosolarsystem\x64\debug\vc143.pdb
c:\users\lcv2242924\documents\github\vgp242\winterengine\vgp242\07_hellosolarsystem\x64\debug\vc143.idb
c:\users\lcv2242924\documents\github\vgp242\winterengine\vgp242\07_hellosolarsystem\x64\debug\winmain.obj
c:\users\lcv2242924\documents\github\vgp242\winterengine\vgp242\07_hellosolarsystem\x64\debug\planet.obj
c:\users\lcv2242924\documents\github\vgp242\winterengine\vgp242\07_hellosolarsystem\x64\debug\gamestate.obj
c:\users\lcv2242924\desktop\vgp242\winterengine\x64\debug\07_hellosolarsystem.exe
c:\users\lcv2242924\desktop\vgp242\winterengine\vgp242\07_hellosolarsystem\x64\debug\07_hellosolarsystem.ilk
c:\users\lcv2242924\desktop\vgp242\winterengine\x64\debug\07_hellosolarsystem.pdb
c:\users\lcv2242924\documents\github\vgp242\winterengine\vgp242\07_hellosolarsystem\x64\debug\07_hellosolarsystem.ilk
c:\users\lcv2242924\documents\github\vgp242\winterengine\x64\debug\07_hellosolarsystem.exe
c:\users\lcv2242924\documents\github\vgp242\winterengine\x64\debug\07_hellosolarsystem.pdb
c:\users\lci_vancouver-dwaine\source\repos\vgp242\winterengine\vgp242\07_hellosolarsystem\x64\debug\07_hellosolarsystem.ilk
c:\users\lci_vancouver-dwaine\source\repos\vgp242\winterengine\vgp242\07_hellosolarsystem\x64\debug\vc143.idb
c:\users\lci_vancouver-dwaine\source\repos\vgp242\winterengine\vgp242\07_hellosolarsystem\x64\debug\vc143.pdb
c:\users\lci_vancouver-dwaine\source\repos\vgp242\winterengine\x64\debug\07_hellosolarsystem.pdb
c:\users\lci_vancouver-dwaine\source\repos\vgp242\winterengine\vgp242\07_hellosolarsystem\x64\debug\07_hello.05d614ef.tlog\cl.command.1.tlog
c:\users\lci_vancouver-dwaine\source\repos\vgp242\winterengine\vgp242\07_hellosolarsystem\x64\debug\07_hello.05d614ef.tlog\cl.items.tlog
c:\users\lci_vancouver-dwaine\source\repos\vgp242\winterengine\vgp242\07_hellosolarsystem\x64\debug\07_hello.05d614ef.tlog\cl.read.1.tlog
c:\users\lci_vancouver-dwaine\source\repos\vgp242\winterengine\vgp242\07_hellosolarsystem\x64\debug\07_hello.05d614ef.tlog\cl.write.1.tlog
c:\users\lci_vancouver-dwaine\source\repos\vgp242\winterengine\vgp242\07_hellosolarsystem\x64\debug\07_hello.05d614ef.tlog\link.command.1.tlog
c:\users\lci_vancouver-dwaine\source\repos\vgp242\winterengine\vgp242\07_hellosolarsystem\x64\debug\07_hello.05d614ef.tlog\link.read.1.tlog
c:\users\lci_vancouver-dwaine\source\repos\vgp242\winterengine\vgp242\07_hellosolarsystem\x64\debug\07_hello.05d614ef.tlog\link.write.1.tlog
