d:\vgp242\winterengine\framework\graphics\x64\debug\graphics.pch
d:\vgp242\winterengine\x64\debug\graphics.pdb
d:\vgp242\winterengine\x64\debug\graphics.idb
d:\vgp242\winterengine\framework\graphics\x64\debug\precompile.obj
d:\vgp242\winterengine\framework\graphics\x64\debug\terraineffect.obj
d:\vgp242\winterengine\framework\graphics\x64\debug\terrain.obj
d:\vgp242\winterengine\framework\graphics\x64\debug\simpledraw.obj
d:\vgp242\winterengine\framework\graphics\x64\debug\shadoweffect.obj
d:\vgp242\winterengine\framework\graphics\x64\debug\sampler.obj
d:\vgp242\winterengine\framework\graphics\x64\debug\rendertarget.obj
d:\vgp242\winterengine\framework\graphics\x64\debug\renderobject.obj
d:\vgp242\winterengine\framework\graphics\x64\debug\postprocessingeffect.obj
d:\vgp242\winterengine\framework\graphics\x64\debug\pixelshader.obj
d:\vgp242\winterengine\framework\graphics\x64\debug\modelio.obj
d:\vgp242\winterengine\framework\graphics\x64\debug\modelcache.obj
d:\vgp242\winterengine\framework\graphics\x64\debug\meshbuilder.obj
d:\vgp242\winterengine\framework\graphics\x64\debug\meshbuffer.obj
d:\vgp242\winterengine\framework\graphics\x64\debug\graphicssystem.obj
d:\vgp242\winterengine\framework\graphics\x64\debug\gaussianblureffect.obj
d:\vgp242\winterengine\framework\graphics\x64\debug\debugui.obj
d:\vgp242\winterengine\framework\graphics\x64\debug\constantbuffer.obj
d:\vgp242\winterengine\framework\graphics\x64\debug\camera.obj
d:\vgp242\winterengine\framework\graphics\x64\debug\blendstate.obj
d:\vgp242\winterengine\framework\graphics\x64\debug\vertexshader.obj
d:\vgp242\winterengine\framework\graphics\x64\debug\texturecache.obj
d:\vgp242\winterengine\framework\graphics\x64\debug\texture.obj
d:\vgp242\winterengine\framework\graphics\x64\debug\graphics.tlog\cl.command.1.tlog
d:\vgp242\winterengine\framework\graphics\x64\debug\graphics.tlog\cl.read.1.tlog
d:\vgp242\winterengine\framework\graphics\x64\debug\graphics.tlog\cl.write.1.tlog
