  Precompile.cpp
  Animation.cpp
  AnimationBuilder.cpp
  AnimationUtil.cpp
  Animator.cpp
  BlendState.cpp
  Camera.cpp
  ConstantBuffer.cpp
  DebugUI.cpp
  GaussianBlurEffect.cpp
  GraphicsSystem.cpp
C:\Users\LCV2242924\Documents\GitHub\VGP334_Engine4\WinterEngine\Framework\Graphics\Src\GaussianBlurEffect.cpp(73,25): warning C4018: '<': signed/unsigned mismatch
  (compiling source file '/Src/GaussianBlurEffect.cpp')
  
C:\Users\LCV2242924\Documents\GitHub\VGP334_Engine4\WinterEngine\Framework\Graphics\Src\GraphicsSystem.cpp(123,109): warning C4244: 'argument': conversion from 'float' to 'UINT8', possible loss of data
  (compiling source file '/Src/GraphicsSystem.cpp')
  
  MeshBuffer.cpp
  MeshBuilder.cpp
C:\Users\LCV2242924\Documents\GitHub\VGP334_Engine4\WinterEngine\Framework\Graphics\Src\MeshBuilder.cpp(80,12): warning C4244: 'argument': conversion from 'time_t' to 'unsigned int', possible loss of data
  (compiling source file '/Src/MeshBuilder.cpp')
  
C:\Users\LCV2242924\Documents\GitHub\VGP334_Engine4\WinterEngine\Framework\Graphics\Src\MeshBuilder.cpp(115,12): warning C4244: 'argument': conversion from 'time_t' to 'unsigned int', possible loss of data
  (compiling source file '/Src/MeshBuilder.cpp')
  
C:\Users\LCV2242924\Documents\GitHub\VGP334_Engine4\WinterEngine\Framework\Graphics\Src\MeshBuilder.cpp(211,12): warning C4244: 'argument': conversion from 'time_t' to 'unsigned int', possible loss of data
  (compiling source file '/Src/MeshBuilder.cpp')
  
C:\Users\LCV2242924\Documents\GitHub\VGP334_Engine4\WinterEngine\Framework\Graphics\Src\MeshBuilder.cpp(236,12): warning C4244: 'argument': conversion from 'time_t' to 'unsigned int', possible loss of data
  (compiling source file '/Src/MeshBuilder.cpp')
  
C:\Users\LCV2242924\Documents\GitHub\VGP334_Engine4\WinterEngine\Framework\Graphics\Src\MeshBuilder.cpp(296,12): warning C4244: 'argument': conversion from 'time_t' to 'unsigned int', possible loss of data
  (compiling source file '/Src/MeshBuilder.cpp')
  
C:\Users\LCV2242924\Documents\GitHub\VGP334_Engine4\WinterEngine\Framework\Graphics\Src\MeshBuilder.cpp(387,12): warning C4244: 'argument': conversion from 'time_t' to 'unsigned int', possible loss of data
  (compiling source file '/Src/MeshBuilder.cpp')
  
C:\Users\LCV2242924\Documents\GitHub\VGP334_Engine4\WinterEngine\Framework\Graphics\Src\MeshBuilder.cpp(413,23): warning C4267: 'initializing': conversion from 'size_t' to 'uint32_t', possible loss of data
  (compiling source file '/Src/MeshBuilder.cpp')
  
C:\Users\LCV2242924\Documents\GitHub\VGP334_Engine4\WinterEngine\Framework\Graphics\Src\MeshBuilder.cpp(437,12): warning C4244: 'argument': conversion from 'time_t' to 'unsigned int', possible loss of data
  (compiling source file '/Src/MeshBuilder.cpp')
  
C:\Users\LCV2242924\Documents\GitHub\VGP334_Engine4\WinterEngine\Framework\Graphics\Src\MeshBuilder.cpp(469,12): warning C4244: 'argument': conversion from 'time_t' to 'unsigned int', possible loss of data
  (compiling source file '/Src/MeshBuilder.cpp')
  
C:\Users\LCV2242924\Documents\GitHub\VGP334_Engine4\WinterEngine\Framework\Graphics\Src\MeshBuilder.cpp(506,12): warning C4244: 'argument': conversion from 'time_t' to 'unsigned int', possible loss of data
  (compiling source file '/Src/MeshBuilder.cpp')
  
C:\Users\LCV2242924\Documents\GitHub\VGP334_Engine4\WinterEngine\Framework\Graphics\Src\MeshBuilder.cpp(546,12): warning C4244: 'argument': conversion from 'time_t' to 'unsigned int', possible loss of data
  (compiling source file '/Src/MeshBuilder.cpp')
  
  ModelCache.cpp
  ModelIO.cpp
C:\Users\LCV2242924\Documents\GitHub\VGP334_Engine4\WinterEngine\Framework\Graphics\Src\ModelIO.cpp(11,17): warning C4267: 'initializing': conversion from 'size_t' to 'uint32_t', possible loss of data
  (compiling source file '/Src/ModelIO.cpp')
  
C:\Users\LCV2242924\Documents\GitHub\VGP334_Engine4\WinterEngine\Framework\Graphics\Src\ModelIO.cpp(17,38): warning C4267: '=': conversion from 'size_t' to 'uint32_t', possible loss of data
  (compiling source file '/Src/ModelIO.cpp')
  
C:\Users\LCV2242924\Documents\GitHub\VGP334_Engine4\WinterEngine\Framework\Graphics\Src\ModelIO.cpp(23,35): warning C4267: '=': conversion from 'size_t' to 'uint32_t', possible loss of data
  (compiling source file '/Src/ModelIO.cpp')
  
C:\Users\LCV2242924\Documents\GitHub\VGP334_Engine4\WinterEngine\Framework\Graphics\Src\ModelIO.cpp(251,21): warning C4267: 'initializing': conversion from 'size_t' to 'uint32_t', possible loss of data
  (compiling source file '/Src/ModelIO.cpp')
  
C:\Users\LCV2242924\Documents\GitHub\VGP334_Engine4\WinterEngine\Framework\Graphics\Src\ModelIO.cpp(261,23): warning C4267: 'initializing': conversion from 'size_t' to 'uint32_t', possible loss of data
  (compiling source file '/Src/ModelIO.cpp')
  
C:\Users\LCV2242924\Documents\GitHub\VGP334_Engine4\WinterEngine\Framework\Graphics\Src\ModelIO.cpp(354,25): warning C4267: 'initializing': conversion from 'size_t' to 'uint32_t', possible loss of data
  (compiling source file '/Src/ModelIO.cpp')
  
C:\Users\LCV2242924\Documents\GitHub\VGP334_Engine4\WinterEngine\Framework\Graphics\Src\ModelIO.cpp(363,26): warning C4267: 'initializing': conversion from 'size_t' to 'uint32_t', possible loss of data
  (compiling source file '/Src/ModelIO.cpp')
  
  ParticleSystemEffect.cpp
  PixelShader.cpp
  PortalEffect.cpp
C:\Users\LCV2242924\Documents\GitHub\VGP334_Engine4\WinterEngine\Framework\Graphics\Src\PortalEffect.cpp(158,14): warning C4244: 'initializing': conversion from 'uint32_t' to 'float', possible loss of data
  (compiling source file '/Src/PortalEffect.cpp')
  
C:\Users\LCV2242924\Documents\GitHub\VGP334_Engine4\WinterEngine\Framework\Graphics\Src\PortalEffect.cpp(159,15): warning C4244: 'initializing': conversion from 'uint32_t' to 'float', possible loss of data
  (compiling source file '/Src/PortalEffect.cpp')
  
C:\Users\LCV2242924\Documents\GitHub\VGP334_Engine4\WinterEngine\Framework\Graphics\Src\PortalEffect.cpp(184,89): warning C4267: 'argument': conversion from 'size_t' to 'uint32_t', possible loss of data
  (compiling source file '/Src/PortalEffect.cpp')
  
  PostProcessingEffect.cpp
C:\Users\LCV2242924\Documents\GitHub\VGP334_Engine4\WinterEngine\Framework\Graphics\Src\PostProcessingEffect.cpp(76,51): warning C4244: 'initializing': conversion from 'uint32_t' to 'float', possible loss of data
  (compiling source file '/Src/PostProcessingEffect.cpp')
  
C:\Users\LCV2242924\Documents\GitHub\VGP334_Engine4\WinterEngine\Framework\Graphics\Src\PostProcessingEffect.cpp(76,27): warning C4244: 'initializing': conversion from 'uint32_t' to 'const float', possible loss of data
  (compiling source file '/Src/PostProcessingEffect.cpp')
  
C:\Users\LCV2242924\Documents\GitHub\VGP334_Engine4\WinterEngine\Framework\Graphics\Src\PostProcessingEffect.cpp(77,53): warning C4244: 'initializing': conversion from 'uint32_t' to 'float', possible loss of data
  (compiling source file '/Src/PostProcessingEffect.cpp')
  
C:\Users\LCV2242924\Documents\GitHub\VGP334_Engine4\WinterEngine\Framework\Graphics\Src\PostProcessingEffect.cpp(77,28): warning C4244: 'initializing': conversion from 'uint32_t' to 'const float', possible loss of data
  (compiling source file '/Src/PostProcessingEffect.cpp')
  
C:\Users\LCV2242924\Documents\GitHub\VGP334_Engine4\WinterEngine\Framework\Graphics\Src\PostProcessingEffect.cpp(128,63): warning C4267: 'argument': conversion from 'size_t' to 'int', possible loss of data
  (compiling source file '/Src/PostProcessingEffect.cpp')
  
  RenderObject.cpp
  RenderTarget.cpp
C:\Users\LCV2242924\Documents\GitHub\VGP334_Engine4\WinterEngine\Framework\Graphics\Src\RenderTarget.cpp(82,77): warning C4244: 'argument': conversion from 'float' to 'UINT8', possible loss of data
  (compiling source file '/Src/RenderTarget.cpp')
  
  Generating Code...
  Compiling...
  Sampler.cpp
  ShadowEffect.cpp
  SimpleDraw.cpp
  StandardEffect.cpp
  Terrain.cpp
C:\Users\LCV2242924\Documents\GitHub\VGP334_Engine4\WinterEngine\Framework\Graphics\Src\Terrain.cpp(69,30): warning C4018: '>=': signed/unsigned mismatch
  (compiling source file '/Src/Terrain.cpp')
  
C:\Users\LCV2242924\Documents\GitHub\VGP334_Engine4\WinterEngine\Framework\Graphics\Src\Terrain.cpp(69,51): warning C4018: '>=': signed/unsigned mismatch
  (compiling source file '/Src/Terrain.cpp')
  
  TerrainEffect.cpp
  Texture.cpp
  TextureCache.cpp
  VertexShader.cpp
  Generating Code...
  Graphics.vcxproj -> C:\Users\LCV2242924\Documents\GitHub\VGP334_Engine4\WinterEngine\x64\Debug\Graphics.lib
