  Precompile.cpp
D:\VGP242\WinterEngine\External\Bullet\BulletSoftBody\btSoftBody.h(38,50): warning C4305: 'initializing': truncation from 'double' to 'btScalar'
D:\VGP242\WinterEngine\External\Bullet\BulletSoftBody\btSoftBody.h(1232,17): warning C4244: 'initializing': conversion from 'double' to 'btScalar', possible loss of data
D:\VGP242\WinterEngine\External\Bullet\BulletSoftBody\btSoftBody.h(1357,21): warning C4244: '+=': conversion from 'double' to 'btScalar', possible loss of data
D:\VGP242\WinterEngine\External\Bullet\BulletSoftBody\btSoftBody.h(1361,21): warning C4244: 'initializing': conversion from 'double' to 'btScalar', possible loss of data
D:\VGP242\WinterEngine\External\Bullet\BulletSoftBody\btSoftBody.h(1385,20): warning C4244: '=': conversion from 'double' to 'btScalar', possible loss of data
D:\VGP242\WinterEngine\External\Bullet\BulletSoftBody\btSoftBody.h(1387,23): warning C4244: '=': conversion from 'double' to 'btScalar', possible loss of data
D:\VGP242\WinterEngine\Framework\Physics\Inc\PhysicsWorld.h(14,51): warning C4305: 'argument': truncation from 'double' to 'float'
D:\VGP242\WinterEngine\External\Bullet\BulletSoftBody\btSoftBody.h(1269,17): warning C4244: 'initializing': conversion from 'double' to 'btScalar', possible loss of data
D:\VGP242\WinterEngine\External\Bullet\BulletSoftBody\btSoftBody.h(1303,4): message : see reference to function template instantiation 'void btSoftBody::updateFace<btDbvtNode>(DBVTNODE *,bool,bool)' being compiled
          with
          [
              DBVTNODE=btDbvtNode
          ]
  App.cpp
D:\VGP242\WinterEngine\Framework\Physics\Inc\PhysicsWorld.h(14,51): warning C4305: 'argument': truncation from 'double' to 'float'
D:\VGP242\WinterEngine\Framework\Physics\Inc\PhysicsWorld.h(17,3): message : This diagnostic occurred in the compiler generated function 'WinterEngine::Physics::PhysicsWorld::Settings::Settings(void)'
D:\VGP242\WinterEngine\Engine\WinterEngine\Src\App.cpp(40,25): message : see reference to function 'WinterEngine::Physics::PhysicsWorld::Settings::Settings(void)'
  WinterEngine.cpp
  Generating Code...
  WinterEngine.vcxproj -> D:\VGP242\WinterEngine\x64\Debug\WinterEngine.lib
