d:\vgp242\winterengine\vgp330\17_helloportals\x64\debug\vc143.pdb
d:\vgp242\winterengine\vgp330\17_helloportals\x64\debug\vc143.idb
d:\vgp242\winterengine\vgp330\17_helloportals\x64\debug\winmain.obj
d:\vgp242\winterengine\vgp330\17_helloportals\x64\debug\gamestate.obj
c:\users\lcv2242924\documents\github\vgp330_engine3\winterengine\vgp330\17_helloportals\x64\debug\vc143.pdb
c:\users\lcv2242924\documents\github\vgp330_engine3\winterengine\vgp330\17_helloportals\x64\debug\vc143.idb
c:\users\lcv2242924\documents\github\vgp330_engine3\winterengine\vgp330\17_helloportals\x64\debug\winmain.obj
c:\users\lcv2242924\documents\github\vgp330_engine3\winterengine\vgp330\17_helloportals\x64\debug\gamestate.obj
d:\vgp242\winterengine\x64\debug\17_helloportals.exe
d:\vgp242\winterengine\vgp330\17_helloportals\x64\debug\17_helloportals.ilk
d:\vgp242\winterengine\x64\debug\17_helloportals.pdb
c:\users\lcv2242924\documents\github\vgp330_engine3\winterengine\x64\debug\17_helloportals.pdb
c:\users\lcv2242924\documents\github\vgp330_engine3\winterengine\vgp330\17_helloportals\x64\debug\17_helloportals.tlog\cl.command.1.tlog
c:\users\lcv2242924\documents\github\vgp330_engine3\winterengine\vgp330\17_helloportals\x64\debug\17_helloportals.tlog\cl.items.tlog
c:\users\lcv2242924\documents\github\vgp330_engine3\winterengine\vgp330\17_helloportals\x64\debug\17_helloportals.tlog\cl.read.1.tlog
c:\users\lcv2242924\documents\github\vgp330_engine3\winterengine\vgp330\17_helloportals\x64\debug\17_helloportals.tlog\cl.write.1.tlog
c:\users\lcv2242924\documents\github\vgp330_engine3\winterengine\vgp330\17_helloportals\x64\debug\17_helloportals.tlog\link-cvtres.read.1.tlog
c:\users\lcv2242924\documents\github\vgp330_engine3\winterengine\vgp330\17_helloportals\x64\debug\17_helloportals.tlog\link-cvtres.write.1.tlog
c:\users\lcv2242924\documents\github\vgp330_engine3\winterengine\vgp330\17_helloportals\x64\debug\17_helloportals.tlog\link-rc.read.1.tlog
c:\users\lcv2242924\documents\github\vgp330_engine3\winterengine\vgp330\17_helloportals\x64\debug\17_helloportals.tlog\link-rc.write.1.tlog
c:\users\lcv2242924\documents\github\vgp330_engine3\winterengine\vgp330\17_helloportals\x64\debug\17_helloportals.tlog\link.command.1.tlog
c:\users\lcv2242924\documents\github\vgp330_engine3\winterengine\vgp330\17_helloportals\x64\debug\17_helloportals.tlog\link.read.1.tlog
c:\users\lcv2242924\documents\github\vgp330_engine3\winterengine\vgp330\17_helloportals\x64\debug\17_helloportals.tlog\link.read.2.tlog
c:\users\lcv2242924\documents\github\vgp330_engine3\winterengine\vgp330\17_helloportals\x64\debug\17_helloportals.tlog\link.write.1.tlog
